<?xml version="1.0" encoding="UTF-8"?>
<!-- Generated by org.testng.reporters.JUnitXMLReporter -->
<testsuite ignored="0" hostname="Tufail-Vivo" failures="0" tests="3" name="Test" time="26.655" errors="0" timestamp="2020-06-17T17:50:19 EDT">
  <testcase classname="Academy.Validation" name="basePageNavigation" time="0.102"/>
  <testcase classname="Academy.HomePage" name="basePageNavigation" time="10.164"/>
  <testcase classname="Academy.HomePage" name="basePageNavigation" time="10.052"/>
</testsuite> <!-- Test -->
