<?xml version="1.0" encoding="UTF-8"?>
<testng-results ignored="0" total="4" passed="3" failed="1" skipped="0">
  <reporter-output>
  </reporter-output>
  <suite started-at="2020-06-26T13:55:25 EDT" name="Suite" finished-at="2020-06-26T13:55:55 EDT" duration-ms="29760">
    <groups>
    </groups>
    <test started-at="2020-06-26T13:55:25 EDT" name="ValidatingIds" finished-at="2020-06-26T13:55:44 EDT" duration-ms="18670">
      <class name="Academy.Validation">
        <test-method is-config="true" signature="initializetion()[pri:0, instance:Academy.Validation@2e8e8225]" started-at="2020-06-26T13:55:25 EDT" name="initializetion" finished-at="2020-06-26T13:55:37 EDT" duration-ms="11576" status="PASS">
          <reporter-output>
          </reporter-output>
        </test-method> <!-- initializetion -->
        <test-method signature="ValidetingBanners()[pri:0, instance:Academy.Validation@2e8e8225]" started-at="2020-06-26T13:55:37 EDT" name="ValidetingBanners" finished-at="2020-06-26T13:55:37 EDT" duration-ms="1" status="FAIL">
          <exception class="java.lang.NullPointerException">
            <full-stacktrace>
              <![CDATA[java.lang.NullPointerException
at Academy.Validation.ValidetingBanners(Validation.java:56)
at java.base/jdk.internal.reflect.NativeMethodAccessorImpl.invoke0(Native Method)
at java.base/jdk.internal.reflect.NativeMethodAccessorImpl.invoke(NativeMethodAccessorImpl.java:62)
at java.base/jdk.internal.reflect.DelegatingMethodAccessorImpl.invoke(DelegatingMethodAccessorImpl.java:43)
at java.base/java.lang.reflect.Method.invoke(Method.java:564)
at org.testng.internal.MethodInvocationHelper.invokeMethod(MethodInvocationHelper.java:134)
at org.testng.internal.TestInvoker.invokeMethod(TestInvoker.java:597)
at org.testng.internal.TestInvoker.invokeTestMethod(TestInvoker.java:173)
at org.testng.internal.MethodRunner.runInSequence(MethodRunner.java:46)
at org.testng.internal.TestInvoker$MethodInvocationAgent.invoke(TestInvoker.java:816)
at org.testng.internal.TestInvoker.invokeTestMethods(TestInvoker.java:146)
at org.testng.internal.TestMethodWorker.invokeTestMethods(TestMethodWorker.java:146)
at org.testng.internal.TestMethodWorker.run(TestMethodWorker.java:128)
at java.base/java.util.ArrayList.forEach(ArrayList.java:1510)
at org.testng.TestRunner.privateRun(TestRunner.java:766)
at org.testng.TestRunner.run(TestRunner.java:587)
at org.testng.SuiteRunner.runTest(SuiteRunner.java:384)
at org.testng.SuiteRunner.access$000(SuiteRunner.java:28)
at org.testng.SuiteRunner$SuiteWorker.run(SuiteRunner.java:425)
at org.testng.internal.thread.ThreadUtil.lambda$execute$0(ThreadUtil.java:68)
at java.base/java.util.concurrent.FutureTask.run(FutureTask.java:264)
at java.base/java.util.concurrent.ThreadPoolExecutor.runWorker(ThreadPoolExecutor.java:1130)
at java.base/java.util.concurrent.ThreadPoolExecutor$Worker.run(ThreadPoolExecutor.java:630)
at java.base/java.lang.Thread.run(Thread.java:832)
]]>
            </full-stacktrace>
          </exception> <!-- java.lang.NullPointerException -->
          <reporter-output>
          </reporter-output>
        </test-method> <!-- ValidetingBanners -->
        <test-method signature="basePageNavigation()[pri:0, instance:Academy.Validation@2e8e8225]" started-at="2020-06-26T13:55:38 EDT" name="basePageNavigation" finished-at="2020-06-26T13:55:39 EDT" duration-ms="636" status="PASS">
          <reporter-output>
          </reporter-output>
        </test-method> <!-- basePageNavigation -->
        <test-method is-config="true" signature="closingWindow()[pri:0, instance:Academy.Validation@2e8e8225]" started-at="2020-06-26T13:55:39 EDT" name="closingWindow" finished-at="2020-06-26T13:55:44 EDT" duration-ms="4823" status="PASS">
          <reporter-output>
          </reporter-output>
        </test-method> <!-- closingWindow -->
      </class> <!-- Academy.Validation -->
    </test> <!-- ValidatingIds -->
    <test started-at="2020-06-26T13:55:25 EDT" name="validatingHome" finished-at="2020-06-26T13:55:55 EDT" duration-ms="29760">
      <class name="Academy.HomePage">
        <test-method signature="basePageNavigation(java.lang.String, java.lang.String, java.lang.String)[pri:0, instance:Academy.HomePage@3a393455]" started-at="2020-06-26T13:55:25 EDT" name="basePageNavigation" data-provider="getdata" finished-at="2020-06-26T13:55:41 EDT" duration-ms="16021" status="PASS">
          <params>
            <param index="0">
              <value>
                <![CDATA[sheikh123@gmail.com]]>
              </value>
            </param>
            <param index="1">
              <value>
                <![CDATA[wwwww11123]]>
              </value>
            </param>
            <param index="2">
              <value>
                <![CDATA[Valid User]]>
              </value>
            </param>
          </params>
          <reporter-output>
          </reporter-output>
        </test-method> <!-- basePageNavigation -->
        <test-method signature="basePageNavigation(java.lang.String, java.lang.String, java.lang.String)[pri:0, instance:Academy.HomePage@3a393455]" started-at="2020-06-26T13:55:41 EDT" name="basePageNavigation" data-provider="getdata" finished-at="2020-06-26T13:55:51 EDT" duration-ms="9552" status="PASS">
          <params>
            <param index="0">
              <value>
                <![CDATA[tufail539@gmail.com]]>
              </value>
            </param>
            <param index="1">
              <value>
                <![CDATA[pppww12345]]>
              </value>
            </param>
            <param index="2">
              <value>
                <![CDATA[Invalid User]]>
              </value>
            </param>
          </params>
          <reporter-output>
          </reporter-output>
        </test-method> <!-- basePageNavigation -->
        <test-method is-config="true" signature="tearDown()[pri:0, instance:Academy.HomePage@3a393455]" started-at="2020-06-26T13:55:51 EDT" name="tearDown" finished-at="2020-06-26T13:55:55 EDT" duration-ms="4150" status="PASS">
          <reporter-output>
          </reporter-output>
        </test-method> <!-- tearDown -->
      </class> <!-- Academy.HomePage -->
    </test> <!-- validatingHome -->
  </suite> <!-- Suite -->
</testng-results>
